<?xml version="1.0" encoding="UTF-8"?>
<testsuite name="com.codestates.soloproject.SoloProjectApplicationTests" tests="1" skipped="0" failures="0" errors="0" timestamp="2022-08-17T06:40:11" hostname="Hong-MacBook.local" time="0.225">
  <properties/>
  <testcase name="contextLoads()" classname="com.codestates.soloproject.SoloProjectApplicationTests" time="0.225"/>
  <system-out><![CDATA[15:40:02.099 [Test worker] DEBUG org.springframework.test.context.BootstrapUtils - Instantiating CacheAwareContextLoaderDelegate from class [org.springframework.test.context.cache.DefaultCacheAwareContextLoaderDelegate]
15:40:02.115 [Test worker] DEBUG org.springframework.test.context.BootstrapUtils - Instantiating BootstrapContext using constructor [public org.springframework.test.context.support.DefaultBootstrapContext(java.lang.Class,org.springframework.test.context.CacheAwareContextLoaderDelegate)]
15:40:02.199 [Test worker] DEBUG org.springframework.test.context.BootstrapUtils - Instantiating TestContextBootstrapper for test class [com.codestates.soloproject.SoloProjectApplicationTests] from class [org.springframework.boot.test.context.SpringBootTestContextBootstrapper]
15:40:02.217 [Test worker] INFO org.springframework.boot.test.context.SpringBootTestContextBootstrapper - Neither @ContextConfiguration nor @ContextHierarchy found for test class [com.codestates.soloproject.SoloProjectApplicationTests], using SpringBootContextLoader
15:40:02.227 [Test worker] DEBUG org.springframework.test.context.support.AbstractContextLoader - Did not detect default resource location for test class [com.codestates.soloproject.SoloProjectApplicationTests]: class path resource [com/codestates/soloproject/SoloProjectApplicationTests-context.xml] does not exist
15:40:02.228 [Test worker] DEBUG org.springframework.test.context.support.AbstractContextLoader - Did not detect default resource location for test class [com.codestates.soloproject.SoloProjectApplicationTests]: class path resource [com/codestates/soloproject/SoloProjectApplicationTestsContext.groovy] does not exist
15:40:02.228 [Test worker] INFO org.springframework.test.context.support.AbstractContextLoader - Could not detect default resource locations for test class [com.codestates.soloproject.SoloProjectApplicationTests]: no resource found for suffixes {-context.xml, Context.groovy}.
15:40:02.229 [Test worker] INFO org.springframework.test.context.support.AnnotationConfigContextLoaderUtils - Could not detect default configuration classes for test class [com.codestates.soloproject.SoloProjectApplicationTests]: SoloProjectApplicationTests does not declare any static, non-private, non-final, nested classes annotated with @Configuration.
15:40:02.313 [Test worker] DEBUG org.springframework.test.context.support.ActiveProfilesUtils - Could not find an 'annotation declaring class' for annotation type [org.springframework.test.context.ActiveProfiles] and class [com.codestates.soloproject.SoloProjectApplicationTests]
15:40:02.426 [Test worker] DEBUG org.springframework.context.annotation.ClassPathScanningCandidateComponentProvider - Identified candidate component class: file [/Users/hongminjeong/dev/codestates/solo-project-hong/build/classes/java/main/com/codestates/soloproject/SoloProjectApplication.class]
15:40:02.428 [Test worker] INFO org.springframework.boot.test.context.SpringBootTestContextBootstrapper - Found @SpringBootConfiguration com.codestates.soloproject.SoloProjectApplication for test class com.codestates.soloproject.SoloProjectApplicationTests
15:40:02.574 [Test worker] DEBUG org.springframework.boot.test.context.SpringBootTestContextBootstrapper - @TestExecutionListeners is not present for class [com.codestates.soloproject.SoloProjectApplicationTests]: using defaults.
15:40:02.575 [Test worker] INFO org.springframework.boot.test.context.SpringBootTestContextBootstrapper - Loaded default TestExecutionListener class names from location [META-INF/spring.factories]: [org.springframework.test.context.web.ServletTestExecutionListener, org.springframework.test.context.support.DirtiesContextBeforeModesTestExecutionListener, org.springframework.test.context.event.ApplicationEventsTestExecutionListener, org.springframework.test.context.support.DependencyInjectionTestExecutionListener, org.springframework.test.context.support.DirtiesContextTestExecutionListener, org.springframework.test.context.transaction.TransactionalTestExecutionListener, org.springframework.test.context.jdbc.SqlScriptsTestExecutionListener, org.springframework.test.context.event.EventPublishingTestExecutionListener, org.springframework.boot.test.autoconfigure.restdocs.RestDocsTestExecutionListener, org.springframework.boot.test.autoconfigure.web.client.MockRestServiceServerResetTestExecutionListener, org.springframework.boot.test.autoconfigure.web.servlet.MockMvcPrintOnlyOnFailureTestExecutionListener, org.springframework.boot.test.autoconfigure.web.servlet.WebDriverTestExecutionListener, org.springframework.boot.test.autoconfigure.webservices.client.MockWebServiceServerTestExecutionListener, org.springframework.boot.test.mock.mockito.MockitoTestExecutionListener, org.springframework.boot.test.mock.mockito.ResetMocksTestExecutionListener]
15:40:02.656 [Test worker] INFO org.springframework.boot.test.context.SpringBootTestContextBootstrapper - Using TestExecutionListeners: [org.springframework.test.context.web.ServletTestExecutionListener@40e4ea87, org.springframework.test.context.support.DirtiesContextBeforeModesTestExecutionListener@58783f6c, org.springframework.test.context.event.ApplicationEventsTestExecutionListener@3a7b503d, org.springframework.boot.test.mock.mockito.MockitoTestExecutionListener@512d92b, org.springframework.boot.test.autoconfigure.SpringBootDependencyInjectionTestExecutionListener@62c5bbdc, org.springframework.test.context.support.DirtiesContextTestExecutionListener@7bdf6bb7, org.springframework.test.context.transaction.TransactionalTestExecutionListener@1bc53649, org.springframework.test.context.jdbc.SqlScriptsTestExecutionListener@88d6f9b, org.springframework.test.context.event.EventPublishingTestExecutionListener@47d93e0d, org.springframework.boot.test.autoconfigure.restdocs.RestDocsTestExecutionListener@475b7792, org.springframework.boot.test.autoconfigure.web.client.MockRestServiceServerResetTestExecutionListener@751e664e, org.springframework.boot.test.autoconfigure.web.servlet.MockMvcPrintOnlyOnFailureTestExecutionListener@160c3ec1, org.springframework.boot.test.autoconfigure.web.servlet.WebDriverTestExecutionListener@182b435b, org.springframework.boot.test.autoconfigure.webservices.client.MockWebServiceServerTestExecutionListener@4d0402b, org.springframework.boot.test.mock.mockito.ResetMocksTestExecutionListener@2fa7ae9]
15:40:02.668 [Test worker] DEBUG org.springframework.test.context.support.AbstractDirtiesContextTestExecutionListener - Before test class: context [DefaultTestContext@51b01960 testClass = SoloProjectApplicationTests, testInstance = [null], testMethod = [null], testException = [null], mergedContextConfiguration = [WebMergedContextConfiguration@6831d8fd testClass = SoloProjectApplicationTests, locations = '{}', classes = '{class com.codestates.soloproject.SoloProjectApplication}', contextInitializerClasses = '[]', activeProfiles = '{}', propertySourceLocations = '{}', propertySourceProperties = '{org.springframework.boot.test.context.SpringBootTestContextBootstrapper=true}', contextCustomizers = set[org.springframework.boot.test.autoconfigure.actuate.metrics.MetricsExportContextCustomizerFactory$DisableMetricExportContextCustomizer@3b77a04f, org.springframework.boot.test.autoconfigure.properties.PropertyMappingContextCustomizer@0, org.springframework.boot.test.autoconfigure.web.servlet.WebDriverContextCustomizerFactory$Customizer@5b07730f, org.springframework.boot.test.context.filter.ExcludeFilterContextCustomizer@dcfda20, org.springframework.boot.test.json.DuplicateJsonObjectContextCustomizerFactory$DuplicateJsonObjectContextCustomizer@40499e4f, org.springframework.boot.test.mock.mockito.MockitoContextCustomizer@0, org.springframework.boot.test.web.client.TestRestTemplateContextCustomizer@749c877b, org.springframework.boot.test.context.SpringBootTestArgs@1, org.springframework.boot.test.context.SpringBootTestWebEnvironment@5c86dbc5], resourceBasePath = 'src/main/webapp', contextLoader = 'org.springframework.boot.test.context.SpringBootContextLoader', parent = [null]], attributes = map['org.springframework.test.context.web.ServletTestExecutionListener.activateListener' -> true]], class annotated with @DirtiesContext [false] with mode [null].

  .   ____          _            __ _ _
 /\\ / ___'_ __ _ _(_)_ __  __ _ \ \ \ \
( ( )\___ | '_ | '_| | '_ \/ _` | \ \ \ \
 \\/  ___)| |_)| | | | | || (_| |  ) ) ) )
  '  |____| .__|_| |_|_| |_\__, | / / / /
 =========|_|==============|___/=/_/_/_/
 :: Spring Boot ::                (v2.7.1)

2022-08-17 15:40:03.596  INFO 70778 --- [    Test worker] c.c.s.SoloProjectApplicationTests        : Starting SoloProjectApplicationTests using Java 11.0.11 on Hong-MacBook.local with PID 70778 (started by hongminjeong in /Users/hongminjeong/dev/codestates/solo-project-hong)
2022-08-17 15:40:03.598  INFO 70778 --- [    Test worker] c.c.s.SoloProjectApplicationTests        : No active profile set, falling back to 1 default profile: "default"
2022-08-17 15:40:05.291  INFO 70778 --- [    Test worker] .s.d.r.c.RepositoryConfigurationDelegate : Bootstrapping Spring Data JPA repositories in DEFAULT mode.
2022-08-17 15:40:05.499  INFO 70778 --- [    Test worker] .s.d.r.c.RepositoryConfigurationDelegate : Finished Spring Data repository scanning in 196 ms. Found 1 JPA repository interfaces.
2022-08-17 15:40:06.603  INFO 70778 --- [    Test worker] com.zaxxer.hikari.HikariDataSource       : HikariPool-1 - Starting...
2022-08-17 15:40:06.908  INFO 70778 --- [    Test worker] com.zaxxer.hikari.HikariDataSource       : HikariPool-1 - Start completed.
2022-08-17 15:40:07.393 DEBUG 70778 --- [    Test worker] j.LocalContainerEntityManagerFactoryBean : Building JPA container EntityManagerFactory for persistence unit 'default'
2022-08-17 15:40:07.427  INFO 70778 --- [    Test worker] o.hibernate.jpa.internal.util.LogHelper  : HHH000204: Processing PersistenceUnitInfo [name: default]
2022-08-17 15:40:07.494  INFO 70778 --- [    Test worker] org.hibernate.Version                    : HHH000412: Hibernate ORM core version 5.6.9.Final
2022-08-17 15:40:07.766  INFO 70778 --- [    Test worker] o.hibernate.annotations.common.Version   : HCANN000001: Hibernate Commons Annotations {5.1.2.Final}
2022-08-17 15:40:07.923  INFO 70778 --- [    Test worker] org.hibernate.dialect.Dialect            : HHH000400: Using dialect: org.hibernate.dialect.H2Dialect
Hibernate: 
    
    alter table member 
       add constraint FKscudflrm0r7mxnmvs5ovqhbew 
       foreign key (company_location_id) 
       references company_location
Hibernate: 
    
    alter table member 
       add constraint FK4cfaka82xh7dpngi70s9m6q1u 
       foreign key (company_type_id) 
       references company_type
2022-08-17 15:40:09.066  INFO 70778 --- [    Test worker] o.h.e.t.j.p.i.JtaPlatformInitiator       : HHH000490: Using JtaPlatform implementation: [org.hibernate.engine.transaction.jta.platform.internal.NoJtaPlatform]
2022-08-17 15:40:09.085  INFO 70778 --- [    Test worker] j.LocalContainerEntityManagerFactoryBean : Initialized JPA EntityManagerFactory for persistence unit 'default'
2022-08-17 15:40:09.458 DEBUG 70778 --- [    Test worker] tor$SharedEntityManagerInvocationHandler : Creating new EntityManager for shared EntityManager invocation
2022-08-17 15:40:09.524 DEBUG 70778 --- [    Test worker] tor$SharedEntityManagerInvocationHandler : Creating new EntityManager for shared EntityManager invocation
2022-08-17 15:40:09.661 DEBUG 70778 --- [    Test worker] tor$SharedEntityManagerInvocationHandler : Creating new EntityManager for shared EntityManager invocation
2022-08-17 15:40:09.816 DEBUG 70778 --- [    Test worker] tor$SharedEntityManagerInvocationHandler : Creating new EntityManager for shared EntityManager invocation
2022-08-17 15:40:10.362  WARN 70778 --- [    Test worker] JpaBaseConfiguration$JpaWebConfiguration : spring.jpa.open-in-view is enabled by default. Therefore, database queries may be performed during view rendering. Explicitly configure spring.jpa.open-in-view to disable this warning
2022-08-17 15:40:10.881  INFO 70778 --- [    Test worker] o.s.b.a.h2.H2ConsoleAutoConfiguration    : H2 console available at '/h2'. Database available at 'jdbc:h2:mem:business'
2022-08-17 15:40:11.744  INFO 70778 --- [    Test worker] c.c.s.SoloProjectApplicationTests        : Started SoloProjectApplicationTests in 8.975 seconds (JVM running for 11.57)
]]></system-out>
  <system-err><![CDATA[]]></system-err>
</testsuite>
