<?xml version="1.0" encoding="UTF-8"?>
<testsuite name="com.codestates.soloproject.member.controller.MemberControllerTest" tests="2" skipped="0" failures="0" errors="0" timestamp="2022-08-17T06:40:13" hostname="Hong-MacBook.local" time="0.414">
  <properties/>
  <testcase name="특정 회원 조회" classname="com.codestates.soloproject.member.controller.MemberControllerTest" time="0.327"/>
  <testcase name="모든 회원 조회" classname="com.codestates.soloproject.member.controller.MemberControllerTest" time="0.079"/>
  <system-out><![CDATA[2022-08-17 15:40:12.037  INFO 70778 --- [    Test worker] .b.t.a.w.s.WebMvcTestContextBootstrapper : Neither @ContextConfiguration nor @ContextHierarchy found for test class [com.codestates.soloproject.member.controller.MemberControllerTest], using SpringBootContextLoader
2022-08-17 15:40:12.043  INFO 70778 --- [    Test worker] o.s.t.c.support.AbstractContextLoader    : Could not detect default resource locations for test class [com.codestates.soloproject.member.controller.MemberControllerTest]: no resource found for suffixes {-context.xml, Context.groovy}.
2022-08-17 15:40:12.043  INFO 70778 --- [    Test worker] t.c.s.AnnotationConfigContextLoaderUtils : Could not detect default configuration classes for test class [com.codestates.soloproject.member.controller.MemberControllerTest]: MemberControllerTest does not declare any static, non-private, non-final, nested classes annotated with @Configuration.
2022-08-17 15:40:12.188  INFO 70778 --- [    Test worker] .b.t.c.SpringBootTestContextBootstrapper : Found @SpringBootConfiguration com.codestates.soloproject.SoloProjectApplication for test class com.codestates.soloproject.member.controller.MemberControllerTest
2022-08-17 15:40:12.193  INFO 70778 --- [    Test worker] .b.t.a.w.s.WebMvcTestContextBootstrapper : Loaded default TestExecutionListener class names from location [META-INF/spring.factories]: [org.springframework.test.context.web.ServletTestExecutionListener, org.springframework.test.context.support.DirtiesContextBeforeModesTestExecutionListener, org.springframework.test.context.event.ApplicationEventsTestExecutionListener, org.springframework.test.context.support.DependencyInjectionTestExecutionListener, org.springframework.test.context.support.DirtiesContextTestExecutionListener, org.springframework.test.context.transaction.TransactionalTestExecutionListener, org.springframework.test.context.jdbc.SqlScriptsTestExecutionListener, org.springframework.test.context.event.EventPublishingTestExecutionListener, org.springframework.boot.test.autoconfigure.restdocs.RestDocsTestExecutionListener, org.springframework.boot.test.autoconfigure.web.client.MockRestServiceServerResetTestExecutionListener, org.springframework.boot.test.autoconfigure.web.servlet.MockMvcPrintOnlyOnFailureTestExecutionListener, org.springframework.boot.test.autoconfigure.web.servlet.WebDriverTestExecutionListener, org.springframework.boot.test.autoconfigure.webservices.client.MockWebServiceServerTestExecutionListener, org.springframework.boot.test.mock.mockito.MockitoTestExecutionListener, org.springframework.boot.test.mock.mockito.ResetMocksTestExecutionListener]
2022-08-17 15:40:12.193  INFO 70778 --- [    Test worker] .b.t.a.w.s.WebMvcTestContextBootstrapper : Using TestExecutionListeners: [org.springframework.test.context.web.ServletTestExecutionListener@6e7d9d0, org.springframework.test.context.support.DirtiesContextBeforeModesTestExecutionListener@2b0d818d, org.springframework.test.context.event.ApplicationEventsTestExecutionListener@7212b28e, org.springframework.boot.test.mock.mockito.MockitoTestExecutionListener@306c8e09, org.springframework.boot.test.autoconfigure.SpringBootDependencyInjectionTestExecutionListener@87df88d, org.springframework.test.context.support.DirtiesContextTestExecutionListener@4f3b11e6, org.springframework.test.context.transaction.TransactionalTestExecutionListener@28da5c4d, org.springframework.test.context.jdbc.SqlScriptsTestExecutionListener@7c928399, org.springframework.test.context.event.EventPublishingTestExecutionListener@1bcca516, org.springframework.boot.test.autoconfigure.restdocs.RestDocsTestExecutionListener@cef23a8, org.springframework.boot.test.autoconfigure.web.client.MockRestServiceServerResetTestExecutionListener@762d2e4c, org.springframework.boot.test.autoconfigure.web.servlet.MockMvcPrintOnlyOnFailureTestExecutionListener@1e4bf55b, org.springframework.boot.test.autoconfigure.web.servlet.WebDriverTestExecutionListener@60510791, org.springframework.boot.test.autoconfigure.webservices.client.MockWebServiceServerTestExecutionListener@15d68a50, org.springframework.boot.test.mock.mockito.ResetMocksTestExecutionListener@a1689e8]

  .   ____          _            __ _ _
 /\\ / ___'_ __ _ _(_)_ __  __ _ \ \ \ \
( ( )\___ | '_ | '_| | '_ \/ _` | \ \ \ \
 \\/  ___)| |_)| | | | | || (_| |  ) ) ) )
  '  |____| .__|_| |_|_| |_\__, | / / / /
 =========|_|==============|___/=/_/_/_/
 :: Spring Boot ::                (v2.7.1)

2022-08-17 15:40:12.314  INFO 70778 --- [    Test worker] c.c.s.m.controller.MemberControllerTest  : Starting MemberControllerTest using Java 11.0.11 on Hong-MacBook.local with PID 70778 (started by hongminjeong in /Users/hongminjeong/dev/codestates/solo-project-hong)
2022-08-17 15:40:12.314  INFO 70778 --- [    Test worker] c.c.s.m.controller.MemberControllerTest  : No active profile set, falling back to 1 default profile: "default"
2022-08-17 15:40:13.718  INFO 70778 --- [    Test worker] o.s.b.t.m.w.SpringBootMockServletContext : Initializing Spring TestDispatcherServlet ''
2022-08-17 15:40:13.719  INFO 70778 --- [    Test worker] o.s.t.web.servlet.TestDispatcherServlet  : Initializing Servlet ''
2022-08-17 15:40:13.720  INFO 70778 --- [    Test worker] o.s.t.web.servlet.TestDispatcherServlet  : Completed initialization in 1 ms
2022-08-17 15:40:13.749  INFO 70778 --- [    Test worker] c.c.s.m.controller.MemberControllerTest  : Started MemberControllerTest in 1.551 seconds (JVM running for 13.575)
]]></system-out>
  <system-err><![CDATA[]]></system-err>
</testsuite>
