<?xml version="1.0" encoding="UTF-8"?>
<testsuite name="com.codestates.soloproject.member.controller.MemberControllerTest" tests="2" skipped="0" failures="0" errors="0" timestamp="2022-08-17T06:22:12" hostname="Hong-MacBook.local" time="0.622">
  <properties/>
  <testcase name="특정 회원 조회" classname="com.codestates.soloproject.member.controller.MemberControllerTest" time="0.496"/>
  <testcase name="모든 회원 조회" classname="com.codestates.soloproject.member.controller.MemberControllerTest" time="0.113"/>
  <system-out><![CDATA[15:22:05.819 [Test worker] DEBUG org.springframework.test.context.BootstrapUtils - Instantiating CacheAwareContextLoaderDelegate from class [org.springframework.test.context.cache.DefaultCacheAwareContextLoaderDelegate]
15:22:05.833 [Test worker] DEBUG org.springframework.test.context.BootstrapUtils - Instantiating BootstrapContext using constructor [public org.springframework.test.context.support.DefaultBootstrapContext(java.lang.Class,org.springframework.test.context.CacheAwareContextLoaderDelegate)]
15:22:05.930 [Test worker] DEBUG org.springframework.test.context.BootstrapUtils - Instantiating TestContextBootstrapper for test class [com.codestates.soloproject.member.controller.MemberControllerTest] from class [org.springframework.boot.test.autoconfigure.web.servlet.WebMvcTestContextBootstrapper]
15:22:05.954 [Test worker] INFO org.springframework.boot.test.autoconfigure.web.servlet.WebMvcTestContextBootstrapper - Neither @ContextConfiguration nor @ContextHierarchy found for test class [com.codestates.soloproject.member.controller.MemberControllerTest], using SpringBootContextLoader
15:22:05.964 [Test worker] DEBUG org.springframework.test.context.support.AbstractContextLoader - Did not detect default resource location for test class [com.codestates.soloproject.member.controller.MemberControllerTest]: class path resource [com/codestates/soloproject/member/controller/MemberControllerTest-context.xml] does not exist
15:22:05.965 [Test worker] DEBUG org.springframework.test.context.support.AbstractContextLoader - Did not detect default resource location for test class [com.codestates.soloproject.member.controller.MemberControllerTest]: class path resource [com/codestates/soloproject/member/controller/MemberControllerTestContext.groovy] does not exist
15:22:05.965 [Test worker] INFO org.springframework.test.context.support.AbstractContextLoader - Could not detect default resource locations for test class [com.codestates.soloproject.member.controller.MemberControllerTest]: no resource found for suffixes {-context.xml, Context.groovy}.
15:22:05.966 [Test worker] INFO org.springframework.test.context.support.AnnotationConfigContextLoaderUtils - Could not detect default configuration classes for test class [com.codestates.soloproject.member.controller.MemberControllerTest]: MemberControllerTest does not declare any static, non-private, non-final, nested classes annotated with @Configuration.
15:22:06.160 [Test worker] DEBUG org.springframework.test.context.support.ActiveProfilesUtils - Could not find an 'annotation declaring class' for annotation type [org.springframework.test.context.ActiveProfiles] and class [com.codestates.soloproject.member.controller.MemberControllerTest]
15:22:06.442 [Test worker] DEBUG org.springframework.context.annotation.ClassPathScanningCandidateComponentProvider - Identified candidate component class: file [/Users/hongminjeong/dev/codestates/solo-project-hong/build/classes/java/main/com/codestates/soloproject/SoloProjectApplication.class]
15:22:06.447 [Test worker] INFO org.springframework.boot.test.context.SpringBootTestContextBootstrapper - Found @SpringBootConfiguration com.codestates.soloproject.SoloProjectApplication for test class com.codestates.soloproject.member.controller.MemberControllerTest
15:22:06.463 [Test worker] DEBUG org.springframework.boot.test.autoconfigure.web.servlet.WebMvcTestContextBootstrapper - @TestExecutionListeners is not present for class [com.codestates.soloproject.member.controller.MemberControllerTest]: using defaults.
15:22:06.465 [Test worker] INFO org.springframework.boot.test.autoconfigure.web.servlet.WebMvcTestContextBootstrapper - Loaded default TestExecutionListener class names from location [META-INF/spring.factories]: [org.springframework.test.context.web.ServletTestExecutionListener, org.springframework.test.context.support.DirtiesContextBeforeModesTestExecutionListener, org.springframework.test.context.event.ApplicationEventsTestExecutionListener, org.springframework.test.context.support.DependencyInjectionTestExecutionListener, org.springframework.test.context.support.DirtiesContextTestExecutionListener, org.springframework.test.context.transaction.TransactionalTestExecutionListener, org.springframework.test.context.jdbc.SqlScriptsTestExecutionListener, org.springframework.test.context.event.EventPublishingTestExecutionListener, org.springframework.boot.test.autoconfigure.restdocs.RestDocsTestExecutionListener, org.springframework.boot.test.autoconfigure.web.client.MockRestServiceServerResetTestExecutionListener, org.springframework.boot.test.autoconfigure.web.servlet.MockMvcPrintOnlyOnFailureTestExecutionListener, org.springframework.boot.test.autoconfigure.web.servlet.WebDriverTestExecutionListener, org.springframework.boot.test.autoconfigure.webservices.client.MockWebServiceServerTestExecutionListener, org.springframework.boot.test.mock.mockito.MockitoTestExecutionListener, org.springframework.boot.test.mock.mockito.ResetMocksTestExecutionListener]
15:22:06.499 [Test worker] INFO org.springframework.boot.test.autoconfigure.web.servlet.WebMvcTestContextBootstrapper - Using TestExecutionListeners: [org.springframework.test.context.web.ServletTestExecutionListener@61a002b1, org.springframework.test.context.support.DirtiesContextBeforeModesTestExecutionListener@4eeea57d, org.springframework.test.context.event.ApplicationEventsTestExecutionListener@780ec4a5, org.springframework.boot.test.mock.mockito.MockitoTestExecutionListener@e24ddd0, org.springframework.boot.test.autoconfigure.SpringBootDependencyInjectionTestExecutionListener@6f70f32f, org.springframework.test.context.support.DirtiesContextTestExecutionListener@548e76f1, org.springframework.test.context.transaction.TransactionalTestExecutionListener@5aabbb29, org.springframework.test.context.jdbc.SqlScriptsTestExecutionListener@72c927f1, org.springframework.test.context.event.EventPublishingTestExecutionListener@1ac85b0c, org.springframework.boot.test.autoconfigure.restdocs.RestDocsTestExecutionListener@3dd69f5a, org.springframework.boot.test.autoconfigure.web.client.MockRestServiceServerResetTestExecutionListener@3aa3193a, org.springframework.boot.test.autoconfigure.web.servlet.MockMvcPrintOnlyOnFailureTestExecutionListener@1ee4730, org.springframework.boot.test.autoconfigure.web.servlet.WebDriverTestExecutionListener@59a67c3a, org.springframework.boot.test.autoconfigure.webservices.client.MockWebServiceServerTestExecutionListener@5003041b, org.springframework.boot.test.mock.mockito.ResetMocksTestExecutionListener@724bade8]
15:22:06.514 [Test worker] DEBUG org.springframework.test.context.support.AbstractDirtiesContextTestExecutionListener - Before test class: context [DefaultTestContext@6970140a testClass = MemberControllerTest, testInstance = [null], testMethod = [null], testException = [null], mergedContextConfiguration = [WebMergedContextConfiguration@1cf2fed4 testClass = MemberControllerTest, locations = '{}', classes = '{class com.codestates.soloproject.SoloProjectApplication}', contextInitializerClasses = '[]', activeProfiles = '{}', propertySourceLocations = '{}', propertySourceProperties = '{org.springframework.boot.test.autoconfigure.web.servlet.WebMvcTestContextBootstrapper=true}', contextCustomizers = set[org.springframework.boot.test.autoconfigure.OverrideAutoConfigurationContextCustomizerFactory$DisableAutoConfigurationContextCustomizer@3dddefd8, org.springframework.boot.test.autoconfigure.actuate.metrics.MetricsExportContextCustomizerFactory$DisableMetricExportContextCustomizer@5316e95f, org.springframework.boot.test.autoconfigure.filter.TypeExcludeFiltersContextCustomizer@fcdb15e2, org.springframework.boot.test.autoconfigure.properties.PropertyMappingContextCustomizer@890137f, org.springframework.boot.test.autoconfigure.web.servlet.WebDriverContextCustomizerFactory$Customizer@7829b776, [ImportsContextCustomizer@3af4e0bf key = [@org.springframework.boot.test.autoconfigure.web.servlet.AutoConfigureWebMvc(), @org.springframework.boot.test.autoconfigure.properties.PropertyMapping(value="spring.test.mockmvc", skip=NO), @org.springframework.boot.test.autoconfigure.properties.PropertyMapping(value="spring.test.restdocs", skip=NO), @org.springframework.boot.test.mock.mockito.MockBean(answer=RETURNS_DEFAULTS, classes={}, name="", extraInterfaces={}, reset=AFTER, serializable=false, value={org.springframework.data.jpa.mapping.JpaMetamodelMappingContext.class}), @org.springframework.boot.test.autoconfigure.filter.TypeExcludeFilters(value={org.springframework.boot.test.autoconfigure.web.servlet.WebMvcTypeExcludeFilter.class}), @org.springframework.boot.test.autoconfigure.web.servlet.AutoConfigureMockMvc(webDriverEnabled=true, print=DEFAULT, webClientEnabled=true, printOnlyOnFailure=true, addFilters=true), @org.springframework.boot.test.autoconfigure.core.AutoConfigureCache(cacheProvider=NONE), @org.springframework.boot.autoconfigure.ImportAutoConfiguration(value={}, exclude={}, classes={}), @org.springframework.boot.test.autoconfigure.web.servlet.WebMvcTest(useDefaultFilters=true, excludeFilters={}, controllers={}, excludeAutoConfiguration={}, includeFilters={}, value={com.codestates.soloproject.member.controller.MemberController.class}, properties={}), @org.springframework.context.annotation.Import(value={org.springframework.boot.autoconfigure.ImportAutoConfigurationImportSelector.class}), @org.springframework.boot.test.autoconfigure.restdocs.AutoConfigureRestDocs(uriScheme="http", outputDir="", uriPort=8080, value="", uriHost="localhost"), @org.springframework.boot.test.autoconfigure.OverrideAutoConfiguration(enabled=false), @org.springframework.test.context.BootstrapWith(value=org.springframework.boot.test.autoconfigure.web.servlet.WebMvcTestContextBootstrapper.class), @org.springframework.context.annotation.Import(value={org.springframework.boot.test.autoconfigure.restdocs.RestDocumentationContextProviderRegistrar.class})]], org.springframework.boot.test.context.filter.ExcludeFilterContextCustomizer@3383649e, org.springframework.boot.test.json.DuplicateJsonObjectContextCustomizerFactory$DuplicateJsonObjectContextCustomizer@1ce61929, org.springframework.boot.test.mock.mockito.MockitoContextCustomizer@ccaaf30f, org.springframework.boot.test.context.SpringBootTestArgs@1, org.springframework.boot.test.context.SpringBootTestWebEnvironment@0], resourceBasePath = 'src/main/webapp', contextLoader = 'org.springframework.boot.test.context.SpringBootContextLoader', parent = [null]], attributes = map[[empty]]], class annotated with @DirtiesContext [false] with mode [null].

  .   ____          _            __ _ _
 /\\ / ___'_ __ _ _(_)_ __  __ _ \ \ \ \
( ( )\___ | '_ | '_| | '_ \/ _` | \ \ \ \
 \\/  ___)| |_)| | | | | || (_| |  ) ) ) )
  '  |____| .__|_| |_|_| |_\__, | / / / /
 =========|_|==============|___/=/_/_/_/
 :: Spring Boot ::                (v2.7.2)

2022-08-17 15:22:07.741  INFO 69468 --- [    Test worker] c.c.s.m.controller.MemberControllerTest  : Starting MemberControllerTest using Java 11.0.11 on Hong-MacBook.local with PID 69468 (started by hongminjeong in /Users/hongminjeong/dev/codestates/solo-project-hong)
2022-08-17 15:22:07.747  INFO 69468 --- [    Test worker] c.c.s.m.controller.MemberControllerTest  : No active profile set, falling back to 1 default profile: "default"
2022-08-17 15:22:12.490  INFO 69468 --- [    Test worker] o.s.b.t.m.w.SpringBootMockServletContext : Initializing Spring TestDispatcherServlet ''
2022-08-17 15:22:12.492  INFO 69468 --- [    Test worker] o.s.t.web.servlet.TestDispatcherServlet  : Initializing Servlet ''
2022-08-17 15:22:12.501  INFO 69468 --- [    Test worker] o.s.t.web.servlet.TestDispatcherServlet  : Completed initialization in 8 ms
2022-08-17 15:22:12.596  INFO 69468 --- [    Test worker] c.c.s.m.controller.MemberControllerTest  : Started MemberControllerTest in 5.956 seconds (JVM running for 8.715)
]]></system-out>
  <system-err><![CDATA[]]></system-err>
</testsuite>
